[   16816ms] [INFO] %cDownload the React DevTools for a better development experience: https://react.dev/link/react-devtools font-weight:bold @ webpack-internal:///(app-pages-browser)/./node_modules/.pnpm/next@15.5.18_react-dom@19.2.6_react@19.2.6__react@19.2.6/node_modules/next/dist/compiled/react-dom/cjs/react-dom-client.development.js:25630
[   17135ms] [ERROR] Failed to load resource: the server responded with a status of 404 (Not Found) @ http://127.0.0.1:3000/favicon.ico:0
[   53503ms] [LOG] [Fast Refresh] rebuilding @ webpack-internal:///(app-pages-browser)/./node_modules/.pnpm/next@15.5.18_react-dom@19.2.6_react@19.2.6__react@19.2.6/node_modules/next/dist/client/dev/hot-reloader/app/hot-reloader-app.js:196
[   56018ms] [LOG] [Fast Refresh] done in 2515ms @ webpack-internal:///(app-pages-browser)/./node_modules/.pnpm/next@15.5.18_react-dom@19.2.6_react@19.2.6__react@19.2.6/node_modules/next/dist/client/dev/report-hmr-latency.js:13
[   68421ms] [INFO] %cDownload the React DevTools for a better development experience: https://react.dev/link/react-devtools font-weight:bold @ webpack-internal:///(app-pages-browser)/./node_modules/.pnpm/next@15.5.18_react-dom@19.2.6_react@19.2.6__react@19.2.6/node_modules/next/dist/compiled/react-dom/cjs/react-dom-client.development.js:25630
[  365397ms] [LOG] [Fast Refresh] rebuilding @ webpack-internal:///(app-pages-browser)/./node_modules/.pnpm/next@15.5.18_react-dom@19.2.6_react@19.2.6__react@19.2.6/node_modules/next/dist/client/dev/hot-reloader/app/hot-reloader-app.js:196
[  372564ms] [LOG] [Fast Refresh] done in 7168ms @ webpack-internal:///(app-pages-browser)/./node_modules/.pnpm/next@15.5.18_react-dom@19.2.6_react@19.2.6__react@19.2.6/node_modules/next/dist/client/dev/report-hmr-latency.js:13
[  378272ms] [ERROR] Failed to load resource: the server responded with a status of 404 (Not Found) @ http://127.0.0.1:3000/_next/static/css/app/layout.css?v=1779022964767:0
[  378453ms] Event
[  485829ms] [LOG] [Fast Refresh] rebuilding @ webpack-internal:///(app-pages-browser)/./node_modules/.pnpm/next@15.5.18_react-dom@19.2.6_react@19.2.6__react@19.2.6/node_modules/next/dist/client/dev/hot-reloader/app/hot-reloader-app.js:196
[  487577ms] [LOG] [Fast Refresh] done in 1748ms @ webpack-internal:///(app-pages-browser)/./node_modules/.pnpm/next@15.5.18_react-dom@19.2.6_react@19.2.6__react@19.2.6/node_modules/next/dist/client/dev/report-hmr-latency.js:13
[  488059ms] [ERROR] Failed to load resource: the server responded with a status of 404 (Not Found) @ http://127.0.0.1:3000/_next/static/css/app/layout.css?v=1779023075392:0
[  488085ms] Event
[  496580ms] [LOG] [Fast Refresh] rebuilding @ webpack-internal:///(app-pages-browser)/./node_modules/.pnpm/next@15.5.18_react-dom@19.2.6_react@19.2.6__react@19.2.6/node_modules/next/dist/client/dev/hot-reloader/app/hot-reloader-app.js:196
[  497542ms] [LOG] [Fast Refresh] done in 961ms @ webpack-internal:///(app-pages-browser)/./node_modules/.pnpm/next@15.5.18_react-dom@19.2.6_react@19.2.6__react@19.2.6/node_modules/next/dist/client/dev/report-hmr-latency.js:13
[  497985ms] [ERROR] Failed to load resource: the server responded with a status of 404 (Not Found) @ http://127.0.0.1:3000/_next/static/css/app/layout.css?v=1779023085269:0
[  498022ms] Event
[  516059ms] [LOG] [Fast Refresh] rebuilding @ webpack-internal:///(app-pages-browser)/./node_modules/.pnpm/next@15.5.18_react-dom@19.2.6_react@19.2.6__react@19.2.6/node_modules/next/dist/client/dev/hot-reloader/app/hot-reloader-app.js:196
[  517103ms] [LOG] [Fast Refresh] done in 1044ms @ webpack-internal:///(app-pages-browser)/./node_modules/.pnpm/next@15.5.18_react-dom@19.2.6_react@19.2.6__react@19.2.6/node_modules/next/dist/client/dev/report-hmr-latency.js:13
[  567875ms] [LOG] [Fast Refresh] rebuilding @ webpack-internal:///(app-pages-browser)/./node_modules/.pnpm/next@15.5.18_react-dom@19.2.6_react@19.2.6__react@19.2.6/node_modules/next/dist/client/dev/hot-reloader/app/hot-reloader-app.js:196
[  571084ms] [LOG] [Fast Refresh] done in 3208ms @ webpack-internal:///(app-pages-browser)/./node_modules/.pnpm/next@15.5.18_react-dom@19.2.6_react@19.2.6__react@19.2.6/node_modules/next/dist/client/dev/report-hmr-latency.js:13
[  615400ms] [LOG] [Fast Refresh] rebuilding @ webpack-internal:///(app-pages-browser)/./node_modules/.pnpm/next@15.5.18_react-dom@19.2.6_react@19.2.6__react@19.2.6/node_modules/next/dist/client/dev/hot-reloader/app/hot-reloader-app.js:196
[  616524ms] [LOG] [Fast Refresh] done in 1125ms @ webpack-internal:///(app-pages-browser)/./node_modules/.pnpm/next@15.5.18_react-dom@19.2.6_react@19.2.6__react@19.2.6/node_modules/next/dist/client/dev/report-hmr-latency.js:13
[  636749ms] [LOG] [Fast Refresh] rebuilding @ webpack-internal:///(app-pages-browser)/./node_modules/.pnpm/next@15.5.18_react-dom@19.2.6_react@19.2.6__react@19.2.6/node_modules/next/dist/client/dev/hot-reloader/app/hot-reloader-app.js:196
[  639128ms] [LOG] [Fast Refresh] done in 2379ms @ webpack-internal:///(app-pages-browser)/./node_modules/.pnpm/next@15.5.18_react-dom@19.2.6_react@19.2.6__react@19.2.6/node_modules/next/dist/client/dev/report-hmr-latency.js:13
